<?xml version="1.0" encoding="utf-8"?>
<TestRun id="e4a28e63-99d8-4894-b4da-c00a25564d53" name="bryan.b.cook@MYCOMPUTER 2025-01-13 17:23:08" runUser="DOMAIN\bryan.b.cook" xmlns="http://microsoft.com/schemas/VisualStudio/TeamTest/2010">
  <Times creation="2025-01-13T17:23:08.8732660-05:00" queuing="2025-01-13T17:23:08.8732664-05:00" start="2025-01-13T17:23:07.0365617-05:00" finish="2025-01-13T17:23:08.9078419-05:00" />
  <TestSettings name="default" id="3b667310-cc47-4356-a115-ba1fffd1325e">
    <Deployment runDeploymentRoot="bryan.b.cook_MYCOMPUTER_2025-01-13_17_23_08" />
  </TestSettings>
  <Results>
    <UnitTestResult executionId="79926f91-0ee2-4fa7-aff3-e9161f022287" testId="09a72942-67c1-f3ff-b6c8-413de20bf398" testName="TestCase4847_MSTest_MultipleAttachments" computerName="MYCOMPUTER" duration="00:00:00.0033254" startTime="2025-01-13T17:23:08.6459004-05:00" endTime="2025-01-13T17:23:08.6519833-05:00" testType="13cdc9d9-ddb5-4fa4-a97d-d965ccfc6d4b" outcome="Passed" testListId="8c84fa94-04c1-424b-9868-57a2d4851a1d" relativeResultsDirectory="79926f91-0ee2-4fa7-aff3-e9161f022287">
      <ResultFiles>
        <ResultFile path="MYCOMPUTER\4847-1.txt" />
        <ResultFile path="MYCOMPUTER\4847-2.txt" />
      </ResultFiles>
    </UnitTestResult>
    <UnitTestResult executionId="0018cef4-3dbb-4c4d-a77c-cf571e7883d0" testId="8cb200f0-0afe-6624-a397-c149b3a37f73" testName="TestCase4846_MSTest_SingleAttachment" computerName="MYCOMPUTER" duration="00:00:00.0077503" startTime="2025-01-13T17:23:08.6086462-05:00" endTime="2025-01-13T17:23:08.6397857-05:00" testType="13cdc9d9-ddb5-4fa4-a97d-d965ccfc6d4b" outcome="Passed" testListId="8c84fa94-04c1-424b-9868-57a2d4851a1d" relativeResultsDirectory="0018cef4-3dbb-4c4d-a77c-cf571e7883d0">
      <ResultFiles>
        <ResultFile path="MYCOMPUTER\4846.txt" />
      </ResultFiles>
    </UnitTestResult>
  </Results>
  <TestDefinitions>
    <UnitTest name="TestCase4846_MSTest_SingleAttachment" storage="c:\dev\code\_personal\testplan-extension\examples\dotnet\mstestexample-attachments\bin\debug\net8.0\mstestexample.attachments.dll" id="8cb200f0-0afe-6624-a397-c149b3a37f73">
      <Execution id="0018cef4-3dbb-4c4d-a77c-cf571e7883d0" />
      <TestMethod codeBase="C:\dev\code\_Personal\testplan-extension\examples\dotnet\MSTestExample-Attachments\bin\Debug\net8.0\MSTestExample.Attachments.dll" adapterTypeName="executor://mstestadapter/v2" className="MSTestExample.Attachments.UnitTest1" name="TestCase4846_MSTest_SingleAttachment" />
    </UnitTest>
    <UnitTest name="TestCase4847_MSTest_MultipleAttachments" storage="c:\dev\code\_personal\testplan-extension\examples\dotnet\mstestexample-attachments\bin\debug\net8.0\mstestexample.attachments.dll" id="09a72942-67c1-f3ff-b6c8-413de20bf398">
      <Execution id="79926f91-0ee2-4fa7-aff3-e9161f022287" />
      <TestMethod codeBase="C:\dev\code\_Personal\testplan-extension\examples\dotnet\MSTestExample-Attachments\bin\Debug\net8.0\MSTestExample.Attachments.dll" adapterTypeName="executor://mstestadapter/v2" className="MSTestExample.Attachments.UnitTest1" name="TestCase4847_MSTest_MultipleAttachments" />
    </UnitTest>
  </TestDefinitions>
  <TestEntries>
    <TestEntry testId="09a72942-67c1-f3ff-b6c8-413de20bf398" executionId="79926f91-0ee2-4fa7-aff3-e9161f022287" testListId="8c84fa94-04c1-424b-9868-57a2d4851a1d" />
    <TestEntry testId="8cb200f0-0afe-6624-a397-c149b3a37f73" executionId="0018cef4-3dbb-4c4d-a77c-cf571e7883d0" testListId="8c84fa94-04c1-424b-9868-57a2d4851a1d" />
  </TestEntries>
  <TestLists>
    <TestList name="Results Not in a List" id="8c84fa94-04c1-424b-9868-57a2d4851a1d" />
    <TestList name="All Loaded Results" id="19431567-8539-422a-85d7-44ee4e166bda" />
  </TestLists>
  <ResultSummary outcome="Completed">
    <Counters total="2" executed="2" passed="2" failed="0" error="0" timeout="0" aborted="0" inconclusive="0" passedButRunAborted="0" notRunnable="0" notExecuted="0" disconnected="0" warning="0" completed="0" inProgress="0" pending="0" />
  </ResultSummary>
</TestRun>